C:\Datacap\DStudio\WpfAppWiz.dll. AssemblyVersion: 9.1.0.0
AssemblyFileVersion: 9.1.0.4.***************** Application Wizard New Application Logs *************************
5/4/2017 2:12:14 PM    Reading application data
5/4/2017 2:12:14 PM    Parsing source admin database
5/4/2017 2:12:14 PM    Admin database found: Provider=Microsoft.Jet.OLEDB.4.0;Data Source=C:\Datacap\Templates\FormTemplate\FormTemplateAdm.mdb;
5/4/2017 2:12:14 PM    Parsing source engine database
5/4/2017 2:12:14 PM    Engine database found: Provider=Microsoft.Jet.OLEDB.4.0;Data Source=C:\Datacap\Templates\FormTemplate\FormTemplateEng.mdb;
5/4/2017 2:12:14 PM    Obtaining workflow data from admin database.
5/4/2017 2:12:14 PM    1 workflows found
5/4/2017 2:12:14 PM    Copying application files
5/4/2017 2:12:14 PM    Destination folder C:\Datacap\DBSPOC3
5/4/2017 2:12:14 PM    Batches folder C:\Datacap\Templates\FormTemplate\batches
5/4/2017 2:12:14 PM    Source folder C:\Datacap\Templates\FormTemplate
5/4/2017 2:12:14 PM    Creating directory C:\Datacap\DBSPOC3
5/4/2017 2:12:14 PM    Created
5/4/2017 2:12:14 PM    Processing item C:\Datacap\Templates\FormTemplate\batches, type: Directory
5/4/2017 2:12:14 PM    Creating directory C:\Datacap\DBSPOC3\batches
5/4/2017 2:12:14 PM    Folder created
5/4/2017 2:12:14 PM    Copying to directory C:\Datacap\DBSPOC3\batches
5/4/2017 2:12:14 PM    Processing item C:\Datacap\Templates\FormTemplate\dco.xsl, type: Archive
5/4/2017 2:12:14 PM    Copying file C:\Datacap\Templates\FormTemplate\dco.xsl to C:\Datacap\DBSPOC3\dco.xsl
5/4/2017 2:12:14 PM    File Copied.
5/4/2017 2:12:14 PM    Processing item C:\Datacap\Templates\FormTemplate\dco_FormTemplate, type: Directory
5/4/2017 2:12:14 PM    Creating directory C:\Datacap\DBSPOC3\dco_FormTemplate
5/4/2017 2:12:14 PM    Folder created
5/4/2017 2:12:14 PM    Copying to directory C:\Datacap\DBSPOC3\dco_FormTemplate
5/4/2017 2:12:14 PM    Processing item C:\Datacap\Templates\FormTemplate\dco_FormTemplate\blank.tif, type: Archive
5/4/2017 2:12:14 PM    Copying file C:\Datacap\Templates\FormTemplate\dco_FormTemplate\blank.tif to C:\Datacap\DBSPOC3\dco_FormTemplate\blank.tif
5/4/2017 2:12:14 PM    File Copied.
5/4/2017 2:12:14 PM    Processing item C:\Datacap\Templates\FormTemplate\dco_FormTemplate\Convert.set.xml, type: Archive
5/4/2017 2:12:14 PM    Copying file C:\Datacap\Templates\FormTemplate\dco_FormTemplate\Convert.set.xml to C:\Datacap\DBSPOC3\dco_FormTemplate\Convert.set.xml
5/4/2017 2:12:14 PM    File Copied.
5/4/2017 2:12:14 PM    Processing item C:\Datacap\Templates\FormTemplate\dco_FormTemplate\Export.set.xml, type: Archive
5/4/2017 2:12:14 PM    Copying file C:\Datacap\Templates\FormTemplate\dco_FormTemplate\Export.set.xml to C:\Datacap\DBSPOC3\dco_FormTemplate\Export.set.xml
5/4/2017 2:12:14 PM    File Copied.
5/4/2017 2:12:14 PM    Processing item C:\Datacap\Templates\FormTemplate\dco_FormTemplate\Fingerprint Maintenance Tool.exe, type: Archive
5/4/2017 2:12:14 PM    Copying file C:\Datacap\Templates\FormTemplate\dco_FormTemplate\Fingerprint Maintenance Tool.exe to C:\Datacap\DBSPOC3\dco_FormTemplate\Fingerprint Maintenance Tool.exe
5/4/2017 2:12:14 PM    File Copied.
5/4/2017 2:12:14 PM    Processing item C:\Datacap\Templates\FormTemplate\dco_FormTemplate\fixup.set.xml, type: Archive
5/4/2017 2:12:14 PM    Copying file C:\Datacap\Templates\FormTemplate\dco_FormTemplate\fixup.set.xml to C:\Datacap\DBSPOC3\dco_FormTemplate\fixup.set.xml
5/4/2017 2:12:14 PM    File Copied.
5/4/2017 2:12:14 PM    Processing item C:\Datacap\Templates\FormTemplate\dco_FormTemplate\fixupBP.ini, type: Archive
5/4/2017 2:12:14 PM    Copying file C:\Datacap\Templates\FormTemplate\dco_FormTemplate\fixupBP.ini to C:\Datacap\DBSPOC3\dco_FormTemplate\fixupBP.ini
5/4/2017 2:12:14 PM    File Copied.
5/4/2017 2:12:14 PM    Processing item C:\Datacap\Templates\FormTemplate\dco_FormTemplate\FMTLogo.jpg, type: Archive
5/4/2017 2:12:14 PM    Copying file C:\Datacap\Templates\FormTemplate\dco_FormTemplate\FMTLogo.jpg to C:\Datacap\DBSPOC3\dco_FormTemplate\FMTLogo.jpg
5/4/2017 2:12:14 PM    File Copied.
5/4/2017 2:12:14 PM    Processing item C:\Datacap\Templates\FormTemplate\dco_FormTemplate\FormTemplate.ini, type: Archive
5/4/2017 2:12:14 PM    Copying file C:\Datacap\Templates\FormTemplate\dco_FormTemplate\FormTemplate.ini to C:\Datacap\DBSPOC3\dco_FormTemplate\FormTemplate.ini
5/4/2017 2:12:14 PM    File Copied.
5/4/2017 2:12:14 PM    Processing item C:\Datacap\Templates\FormTemplate\dco_FormTemplate\FormTemplate.xml, type: Archive
5/4/2017 2:12:14 PM    Copying file C:\Datacap\Templates\FormTemplate\dco_FormTemplate\FormTemplate.xml to C:\Datacap\DBSPOC3\dco_FormTemplate\FormTemplate.xml
5/4/2017 2:12:14 PM    File Copied.
5/4/2017 2:12:14 PM    Processing item C:\Datacap\Templates\FormTemplate\dco_FormTemplate\imagefix.ini, type: Archive
5/4/2017 2:12:14 PM    Copying file C:\Datacap\Templates\FormTemplate\dco_FormTemplate\imagefix.ini to C:\Datacap\DBSPOC3\dco_FormTemplate\imagefix.ini
5/4/2017 2:12:14 PM    File Copied.
5/4/2017 2:12:14 PM    Processing item C:\Datacap\Templates\FormTemplate\dco_FormTemplate\iVScan.set.xml, type: Archive
5/4/2017 2:12:14 PM    Copying file C:\Datacap\Templates\FormTemplate\dco_FormTemplate\iVScan.set.xml to C:\Datacap\DBSPOC3\dco_FormTemplate\iVScan.set.xml
5/4/2017 2:12:14 PM    File Copied.
5/4/2017 2:12:14 PM    Processing item C:\Datacap\Templates\FormTemplate\dco_FormTemplate\nscan.set.xml, type: Archive
5/4/2017 2:12:14 PM    Copying file C:\Datacap\Templates\FormTemplate\dco_FormTemplate\nscan.set.xml to C:\Datacap\DBSPOC3\dco_FormTemplate\nscan.set.xml
5/4/2017 2:12:14 PM    File Copied.
5/4/2017 2:12:14 PM    Processing item C:\Datacap\Templates\FormTemplate\dco_FormTemplate\nupload.set.xml, type: Archive
5/4/2017 2:12:14 PM    Copying file C:\Datacap\Templates\FormTemplate\dco_FormTemplate\nupload.set.xml to C:\Datacap\DBSPOC3\dco_FormTemplate\nupload.set.xml
5/4/2017 2:12:14 PM    File Copied.
5/4/2017 2:12:14 PM    Processing item C:\Datacap\Templates\FormTemplate\dco_FormTemplate\PageID.set.xml, type: Archive
5/4/2017 2:12:14 PM    Copying file C:\Datacap\Templates\FormTemplate\dco_FormTemplate\PageID.set.xml to C:\Datacap\DBSPOC3\dco_FormTemplate\PageID.set.xml
5/4/2017 2:12:14 PM    File Copied.
5/4/2017 2:12:14 PM    Processing item C:\Datacap\Templates\FormTemplate\dco_FormTemplate\profiler.set.xml, type: Archive
5/4/2017 2:12:14 PM    Copying file C:\Datacap\Templates\FormTemplate\dco_FormTemplate\profiler.set.xml to C:\Datacap\DBSPOC3\dco_FormTemplate\profiler.set.xml
5/4/2017 2:12:14 PM    File Copied.
5/4/2017 2:12:14 PM    Processing item C:\Datacap\Templates\FormTemplate\dco_FormTemplate\rules, type: Directory
5/4/2017 2:12:14 PM    Creating directory C:\Datacap\DBSPOC3\dco_FormTemplate\rules
5/4/2017 2:12:14 PM    Folder created
5/4/2017 2:12:14 PM    Copying to directory C:\Datacap\DBSPOC3\dco_FormTemplate\rules
5/4/2017 2:12:14 PM    Processing item C:\Datacap\Templates\FormTemplate\dco_FormTemplate\rules\collection.xml, type: Archive
5/4/2017 2:12:14 PM    Copying file C:\Datacap\Templates\FormTemplate\dco_FormTemplate\rules\collection.xml to C:\Datacap\DBSPOC3\dco_FormTemplate\rules\collection.xml
5/4/2017 2:12:14 PM    File Copied.
5/4/2017 2:12:14 PM    Processing item C:\Datacap\Templates\FormTemplate\dco_FormTemplate\rules\CreateDocuments.Rul.dll, type: Archive
5/4/2017 2:12:14 PM    Copying file C:\Datacap\Templates\FormTemplate\dco_FormTemplate\rules\CreateDocuments.Rul.dll to C:\Datacap\DBSPOC3\dco_FormTemplate\rules\CreateDocuments.Rul.dll
5/4/2017 2:12:14 PM    File Copied.
5/4/2017 2:12:14 PM    Processing item C:\Datacap\Templates\FormTemplate\dco_FormTemplate\rules\CreateDocuments.Rul.dll.config, type: Archive
5/4/2017 2:12:14 PM    Copying file C:\Datacap\Templates\FormTemplate\dco_FormTemplate\rules\CreateDocuments.Rul.dll.config to C:\Datacap\DBSPOC3\dco_FormTemplate\rules\CreateDocuments.Rul.dll.config
5/4/2017 2:12:14 PM    File Copied.
5/4/2017 2:12:14 PM    Processing item C:\Datacap\Templates\FormTemplate\dco_FormTemplate\rules\dcKST.dll, type: Archive
5/4/2017 2:12:14 PM    Copying file C:\Datacap\Templates\FormTemplate\dco_FormTemplate\rules\dcKST.dll to C:\Datacap\DBSPOC3\dco_FormTemplate\rules\dcKST.dll
5/4/2017 2:12:14 PM    File Copied.
5/4/2017 2:12:14 PM    Processing item C:\Datacap\Templates\FormTemplate\dco_FormTemplate\rules\Document Integrity.rul, type: Archive
5/4/2017 2:12:14 PM    Copying file C:\Datacap\Templates\FormTemplate\dco_FormTemplate\rules\Document Integrity.rul to C:\Datacap\DBSPOC3\dco_FormTemplate\rules\Document Integrity.rul
5/4/2017 2:12:14 PM    File Copied.
5/4/2017 2:12:14 PM    Processing item C:\Datacap\Templates\FormTemplate\dco_FormTemplate\rules\Export Statistics.rul, type: Archive
5/4/2017 2:12:14 PM    Copying file C:\Datacap\Templates\FormTemplate\dco_FormTemplate\rules\Export Statistics.rul to C:\Datacap\DBSPOC3\dco_FormTemplate\rules\Export Statistics.rul
5/4/2017 2:12:14 PM    File Copied.
5/4/2017 2:12:14 PM    Processing item C:\Datacap\Templates\FormTemplate\dco_FormTemplate\rules\Export.rul, type: Archive
5/4/2017 2:12:14 PM    Copying file C:\Datacap\Templates\FormTemplate\dco_FormTemplate\rules\Export.rul to C:\Datacap\DBSPOC3\dco_FormTemplate\rules\Export.rul
5/4/2017 2:12:14 PM    File Copied.
5/4/2017 2:12:14 PM    Processing item C:\Datacap\Templates\FormTemplate\dco_FormTemplate\rules\FingerprintAdd.rul, type: Archive
5/4/2017 2:12:14 PM    Copying file C:\Datacap\Templates\FormTemplate\dco_FormTemplate\rules\FingerprintAdd.rul to C:\Datacap\DBSPOC3\dco_FormTemplate\rules\FingerprintAdd.rul
5/4/2017 2:12:14 PM    File Copied.
5/4/2017 2:12:14 PM    Processing item C:\Datacap\Templates\FormTemplate\dco_FormTemplate\rules\IdentifyPages.Rul.dll, type: Archive
5/4/2017 2:12:14 PM    Copying file C:\Datacap\Templates\FormTemplate\dco_FormTemplate\rules\IdentifyPages.Rul.dll to C:\Datacap\DBSPOC3\dco_FormTemplate\rules\IdentifyPages.Rul.dll
5/4/2017 2:12:14 PM    File Copied.
5/4/2017 2:12:14 PM    Processing item C:\Datacap\Templates\FormTemplate\dco_FormTemplate\rules\IdentifyPages.Rul.dll.config, type: Archive
5/4/2017 2:12:14 PM    Copying file C:\Datacap\Templates\FormTemplate\dco_FormTemplate\rules\IdentifyPages.Rul.dll.config to C:\Datacap\DBSPOC3\dco_FormTemplate\rules\IdentifyPages.Rul.dll.config
5/4/2017 2:12:14 PM    File Copied.
5/4/2017 2:12:14 PM    Processing item C:\Datacap\Templates\FormTemplate\dco_FormTemplate\rules\ImageEnhancement.Rul.dll, type: Archive
5/4/2017 2:12:14 PM    Copying file C:\Datacap\Templates\FormTemplate\dco_FormTemplate\rules\ImageEnhancement.Rul.dll to C:\Datacap\DBSPOC3\dco_FormTemplate\rules\ImageEnhancement.Rul.dll
5/4/2017 2:12:14 PM    File Copied.
5/4/2017 2:12:14 PM    Processing item C:\Datacap\Templates\FormTemplate\dco_FormTemplate\rules\ImageEnhancement.Rul.dll.config, type: Archive
5/4/2017 2:12:14 PM    Copying file C:\Datacap\Templates\FormTemplate\dco_FormTemplate\rules\ImageEnhancement.Rul.dll.config to C:\Datacap\DBSPOC3\dco_FormTemplate\rules\ImageEnhancement.Rul.dll.config
5/4/2017 2:12:14 PM    File Copied.
5/4/2017 2:12:14 PM    Processing item C:\Datacap\Templates\FormTemplate\dco_FormTemplate\rules\Image_Convert.Rul.dll, type: Archive
5/4/2017 2:12:14 PM    Copying file C:\Datacap\Templates\FormTemplate\dco_FormTemplate\rules\Image_Convert.Rul.dll to C:\Datacap\DBSPOC3\dco_FormTemplate\rules\Image_Convert.Rul.dll
5/4/2017 2:12:14 PM    File Copied.
5/4/2017 2:12:14 PM    Processing item C:\Datacap\Templates\FormTemplate\dco_FormTemplate\rules\Image_Convert.Rul.dll.config, type: Archive
5/4/2017 2:12:14 PM    Copying file C:\Datacap\Templates\FormTemplate\dco_FormTemplate\rules\Image_Convert.Rul.dll.config to C:\Datacap\DBSPOC3\dco_FormTemplate\rules\Image_Convert.Rul.dll.config
5/4/2017 2:12:14 PM    File Copied.
5/4/2017 2:12:14 PM    Processing item C:\Datacap\Templates\FormTemplate\dco_FormTemplate\rules\import files - all.rul, type: Archive
5/4/2017 2:12:14 PM    Copying file C:\Datacap\Templates\FormTemplate\dco_FormTemplate\rules\import files - all.rul to C:\Datacap\DBSPOC3\dco_FormTemplate\rules\import files - all.rul
5/4/2017 2:12:14 PM    File Copied.
5/4/2017 2:12:14 PM    Processing item C:\Datacap\Templates\FormTemplate\dco_FormTemplate\rules\ImportFiles.Rul.dll, type: Archive
5/4/2017 2:12:14 PM    Copying file C:\Datacap\Templates\FormTemplate\dco_FormTemplate\rules\ImportFiles.Rul.dll to C:\Datacap\DBSPOC3\dco_FormTemplate\rules\ImportFiles.Rul.dll
5/4/2017 2:12:14 PM    File Copied.
5/4/2017 2:12:14 PM    Processing item C:\Datacap\Templates\FormTemplate\dco_FormTemplate\rules\ImportFiles.Rul.dll.config, type: Archive
5/4/2017 2:12:14 PM    Copying file C:\Datacap\Templates\FormTemplate\dco_FormTemplate\rules\ImportFiles.Rul.dll.config to C:\Datacap\DBSPOC3\dco_FormTemplate\rules\ImportFiles.Rul.dll.config
5/4/2017 2:12:14 PM    File Copied.
5/4/2017 2:12:14 PM    Processing item C:\Datacap\Templates\FormTemplate\dco_FormTemplate\rules\Profile Statistics.rul, type: Archive
5/4/2017 2:12:14 PM    Copying file C:\Datacap\Templates\FormTemplate\dco_FormTemplate\rules\Profile Statistics.rul to C:\Datacap\DBSPOC3\dco_FormTemplate\rules\Profile Statistics.rul
5/4/2017 2:12:14 PM    File Copied.
5/4/2017 2:12:14 PM    Processing item C:\Datacap\Templates\FormTemplate\dco_FormTemplate\rules\RecognizePagesAndFields.Rul.dll, type: Archive
5/4/2017 2:12:14 PM    Copying file C:\Datacap\Templates\FormTemplate\dco_FormTemplate\rules\RecognizePagesAndFields.Rul.dll to C:\Datacap\DBSPOC3\dco_FormTemplate\rules\RecognizePagesAndFields.Rul.dll
5/4/2017 2:12:14 PM    File Copied.
5/4/2017 2:12:14 PM    Processing item C:\Datacap\Templates\FormTemplate\dco_FormTemplate\rules\RecognizePagesAndFields.Rul.dll.config, type: Archive
5/4/2017 2:12:14 PM    Copying file C:\Datacap\Templates\FormTemplate\dco_FormTemplate\rules\RecognizePagesAndFields.Rul.dll.config to C:\Datacap\DBSPOC3\dco_FormTemplate\rules\RecognizePagesAndFields.Rul.dll.config
5/4/2017 2:12:14 PM    File Copied.
5/4/2017 2:12:14 PM    Processing item C:\Datacap\Templates\FormTemplate\dco_FormTemplate\rules\Routing.rul, type: Archive
5/4/2017 2:12:14 PM    Copying file C:\Datacap\Templates\FormTemplate\dco_FormTemplate\rules\Routing.rul to C:\Datacap\DBSPOC3\dco_FormTemplate\rules\Routing.rul
5/4/2017 2:12:14 PM    File Copied.
5/4/2017 2:12:14 PM    Processing item C:\Datacap\Templates\FormTemplate\dco_FormTemplate\rules\Templates.rrx, type: Archive
5/4/2017 2:12:14 PM    Copying file C:\Datacap\Templates\FormTemplate\dco_FormTemplate\rules\Templates.rrx to C:\Datacap\DBSPOC3\dco_FormTemplate\rules\Templates.rrx
5/4/2017 2:12:14 PM    File Copied.
5/4/2017 2:12:14 PM    Processing item C:\Datacap\Templates\FormTemplate\dco_FormTemplate\rules\ValidateFields.Rul.dll, type: Archive
5/4/2017 2:12:14 PM    Copying file C:\Datacap\Templates\FormTemplate\dco_FormTemplate\rules\ValidateFields.Rul.dll to C:\Datacap\DBSPOC3\dco_FormTemplate\rules\ValidateFields.Rul.dll
5/4/2017 2:12:14 PM    File Copied.
5/4/2017 2:12:14 PM    Processing item C:\Datacap\Templates\FormTemplate\dco_FormTemplate\rules\ValidateFields.Rul.dll.config, type: Archive
5/4/2017 2:12:14 PM    Copying file C:\Datacap\Templates\FormTemplate\dco_FormTemplate\rules\ValidateFields.Rul.dll.config to C:\Datacap\DBSPOC3\dco_FormTemplate\rules\ValidateFields.Rul.dll.config
5/4/2017 2:12:14 PM    File Copied.
5/4/2017 2:12:14 PM    Processing item C:\Datacap\Templates\FormTemplate\dco_FormTemplate\scan.set.xml, type: Archive
5/4/2017 2:12:14 PM    Copying file C:\Datacap\Templates\FormTemplate\dco_FormTemplate\scan.set.xml to C:\Datacap\DBSPOC3\dco_FormTemplate\scan.set.xml
5/4/2017 2:12:14 PM    File Copied.
5/4/2017 2:12:14 PM    Processing item C:\Datacap\Templates\FormTemplate\dco_FormTemplate\Settings.ini, type: Archive
5/4/2017 2:12:14 PM    Copying file C:\Datacap\Templates\FormTemplate\dco_FormTemplate\Settings.ini to C:\Datacap\DBSPOC3\dco_FormTemplate\Settings.ini
5/4/2017 2:12:14 PM    File Copied.
5/4/2017 2:12:14 PM    Processing item C:\Datacap\Templates\FormTemplate\dco_FormTemplate\Upload.set.xml, type: Archive
5/4/2017 2:12:14 PM    Copying file C:\Datacap\Templates\FormTemplate\dco_FormTemplate\Upload.set.xml to C:\Datacap\DBSPOC3\dco_FormTemplate\Upload.set.xml
5/4/2017 2:12:14 PM    File Copied.
5/4/2017 2:12:14 PM    Processing item C:\Datacap\Templates\FormTemplate\dco_FormTemplate\Verify.set.xml, type: Archive
5/4/2017 2:12:14 PM    Copying file C:\Datacap\Templates\FormTemplate\dco_FormTemplate\Verify.set.xml to C:\Datacap\DBSPOC3\dco_FormTemplate\Verify.set.xml
5/4/2017 2:12:14 PM    File Copied.
5/4/2017 2:12:14 PM    Processing item C:\Datacap\Templates\FormTemplate\dco_FormTemplate\vscan.set.xml, type: Archive
5/4/2017 2:12:14 PM    Copying file C:\Datacap\Templates\FormTemplate\dco_FormTemplate\vscan.set.xml to C:\Datacap\DBSPOC3\dco_FormTemplate\vscan.set.xml
5/4/2017 2:12:14 PM    File Copied.
5/4/2017 2:12:14 PM    Processing item C:\Datacap\Templates\FormTemplate\dco_FormTemplate\vscanmulti.set.xml, type: Archive
5/4/2017 2:12:14 PM    Copying file C:\Datacap\Templates\FormTemplate\dco_FormTemplate\vscanmulti.set.xml to C:\Datacap\DBSPOC3\dco_FormTemplate\vscanmulti.set.xml
5/4/2017 2:12:14 PM    File Copied.
5/4/2017 2:12:14 PM    Processing item C:\Datacap\Templates\FormTemplate\export, type: Directory
5/4/2017 2:12:14 PM    Creating directory C:\Datacap\DBSPOC3\export
5/4/2017 2:12:14 PM    Folder created
5/4/2017 2:12:14 PM    Copying to directory C:\Datacap\DBSPOC3\export
5/4/2017 2:12:14 PM    Processing item C:\Datacap\Templates\FormTemplate\fingerprint, type: Directory
5/4/2017 2:12:14 PM    Creating directory C:\Datacap\DBSPOC3\fingerprint
5/4/2017 2:12:14 PM    Folder created
5/4/2017 2:12:14 PM    Copying to directory C:\Datacap\DBSPOC3\fingerprint
5/4/2017 2:12:14 PM    Processing item C:\Datacap\Templates\FormTemplate\fingerprint\555.cco, type: Archive
5/4/2017 2:12:14 PM    Copying file C:\Datacap\Templates\FormTemplate\fingerprint\555.cco to C:\Datacap\DBSPOC3\fingerprint\555.cco
5/4/2017 2:12:14 PM    File Copied.
5/4/2017 2:12:14 PM    Processing item C:\Datacap\Templates\FormTemplate\fingerprint\555.tif, type: Archive
5/4/2017 2:12:14 PM    Copying file C:\Datacap\Templates\FormTemplate\fingerprint\555.tif to C:\Datacap\DBSPOC3\fingerprint\555.tif
5/4/2017 2:12:14 PM    File Copied.
5/4/2017 2:12:14 PM    Processing item C:\Datacap\Templates\FormTemplate\FormTemplate.app, type: Archive
5/4/2017 2:12:14 PM    Copying file C:\Datacap\Templates\FormTemplate\FormTemplate.app to C:\Datacap\DBSPOC3\FormTemplate.app
5/4/2017 2:12:14 PM    File Copied.
5/4/2017 2:12:14 PM    Processing item C:\Datacap\Templates\FormTemplate\FormTemplateAdm.mdb, type: Archive
5/4/2017 2:12:14 PM    Copying file C:\Datacap\Templates\FormTemplate\FormTemplateAdm.mdb to C:\Datacap\DBSPOC3\FormTemplateAdm.mdb
5/4/2017 2:12:14 PM    File Copied.
5/4/2017 2:12:14 PM    Processing item C:\Datacap\Templates\FormTemplate\FormTemplateEng.mdb, type: Archive
5/4/2017 2:12:14 PM    Copying file C:\Datacap\Templates\FormTemplate\FormTemplateEng.mdb to C:\Datacap\DBSPOC3\FormTemplateEng.mdb
5/4/2017 2:12:14 PM    File Copied.
5/4/2017 2:12:14 PM    Processing item C:\Datacap\Templates\FormTemplate\FormTemplateFingerprint.mdb, type: Archive
5/4/2017 2:12:14 PM    Copying file C:\Datacap\Templates\FormTemplate\FormTemplateFingerprint.mdb to C:\Datacap\DBSPOC3\FormTemplateFingerprint.mdb
5/4/2017 2:12:14 PM    File Copied.
5/4/2017 2:12:14 PM    Processing item C:\Datacap\Templates\FormTemplate\FormTemplateLook.mdb, type: Archive
5/4/2017 2:12:14 PM    Copying file C:\Datacap\Templates\FormTemplate\FormTemplateLook.mdb to C:\Datacap\DBSPOC3\FormTemplateLook.mdb
5/4/2017 2:12:14 PM    File Copied.
5/4/2017 2:12:14 PM    Processing item C:\Datacap\Templates\FormTemplate\images, type: Directory
5/4/2017 2:12:14 PM    Creating directory C:\Datacap\DBSPOC3\images
5/4/2017 2:12:14 PM    Folder created
5/4/2017 2:12:14 PM    Copying to directory C:\Datacap\DBSPOC3\images
5/4/2017 2:12:14 PM    Processing item C:\Datacap\Templates\FormTemplate\images\Input_MultiFormat, type: Directory
5/4/2017 2:12:14 PM    Creating directory C:\Datacap\DBSPOC3\images\Input_MultiFormat
5/4/2017 2:12:14 PM    Folder created
5/4/2017 2:12:14 PM    Copying to directory C:\Datacap\DBSPOC3\images\Input_MultiFormat
5/4/2017 2:12:14 PM    Processing item C:\Datacap\Templates\FormTemplate\images\Input_SingleTIFFs, type: Directory
5/4/2017 2:12:14 PM    Creating directory C:\Datacap\DBSPOC3\images\Input_SingleTIFFs
5/4/2017 2:12:14 PM    Folder created
5/4/2017 2:12:14 PM    Copying to directory C:\Datacap\DBSPOC3\images\Input_SingleTIFFs
5/4/2017 2:12:14 PM    Done copying files
5/4/2017 2:12:14 PM    Renaming dco folder
5/4/2017 2:12:14 PM    Updating database paths
5/4/2017 2:12:14 PM    ***** Original Admin Database Path *****
Before: C:\Datacap\Templates\FormTemplate\FormTemplateAdm.mdb
After: C:\Datacap\Templates\FormTemplate\FormTemplateAdm.mdb

5/4/2017 2:12:14 PM    ***** Original Admin Database Path *****
Before: C:\Datacap\Templates\FormTemplate\FormTemplateEng.mdb
After: C:\Datacap\Templates\FormTemplate\FormTemplateEng.mdb

5/4/2017 2:12:14 PM    ***** Original fingerprint Database Path *****
Before: C:\Datacap\Templates\FormTemplate\FormTemplateFingerprint.mdb
After: C:\Datacap\Templates\FormTemplate\FormTemplateFingerprint.mdb

Admin Database: C:\Datacap\DBSPOC3\DBSPOC3Adm.mdb
Engine Database: C:\Datacap\DBSPOC3\DBSPOC3Eng.mdb
Fingerprint Database: C:\Datacap\DBSPOC3\DBSPOC3Fingerprint.mdb

Activity log follows:
5/4/2017 2:12:14 PM    Done
5/4/2017 2:12:14 PM    Workflows 1
5/4/2017 2:12:14 PM    Performing file name changes for workflow FormTemplate
5/4/2017 2:12:14 PM    Performing project file name changes in C:\Datacap\DBSPOC3\dco_DBSPOC3
5/4/2017 2:12:14 PM    ***** C:\Datacap\DBSPOC3\dco_DBSPOC3Folder Files *****
Before: C:\Datacap\DBSPOC3\dco_DBSPOC3\FormTemplate.ini
After: C:\Datacap\DBSPOC3\dco_DBSPOC3\DBSPOC3.INI

5/4/2017 2:12:14 PM    ***** C:\Datacap\DBSPOC3\dco_DBSPOC3Folder Files *****
Before: C:\Datacap\DBSPOC3\dco_DBSPOC3\FormTemplate.xml
After: C:\Datacap\DBSPOC3\dco_DBSPOC3\DBSPOC3.XML

5/4/2017 2:12:14 PM    Performing project file name changes in C:\Datacap\DBSPOC3\dco_DBSPOC3\verify
5/4/2017 2:12:14 PM    Updating project file entries in C:\Datacap\DBSPOC3\dco_DBSPOC3
5/4/2017 2:12:14 PM    DEBUGLOG: ModifyEntries - *.ini
5/4/2017 2:12:14 PM    DEBUGLOG: Reading file C:\Datacap\DBSPOC3\dco_DBSPOC3\DBSPOC3.INI
5/4/2017 2:12:14 PM    DEBUGLOG: File read
5/4/2017 2:12:14 PM    DEBUGLOG: File close
5/4/2017 2:12:14 PM    DEBUGLOG: Reading file C:\Datacap\DBSPOC3\dco_DBSPOC3\fixupBP.ini
5/4/2017 2:12:14 PM    DEBUGLOG: File read
5/4/2017 2:12:14 PM    DEBUGLOG: File close
5/4/2017 2:12:14 PM    DEBUGLOG: Reading file C:\Datacap\DBSPOC3\dco_DBSPOC3\imagefix.ini
5/4/2017 2:12:14 PM    DEBUGLOG: File read
5/4/2017 2:12:14 PM    DEBUGLOG: File close
5/4/2017 2:12:14 PM    DEBUGLOG: Reading file C:\Datacap\DBSPOC3\dco_DBSPOC3\Settings.ini
5/4/2017 2:12:14 PM    DEBUGLOG: File read
5/4/2017 2:12:14 PM    DEBUGLOG: File close
5/4/2017 2:12:14 PM    ***** C:\Datacap\DBSPOC3\dco_DBSPOC3\Settings.ini <String Replacement> *****
Before: TestVendorDSN=provider=microsoft.jet.oledb.4.0;data source=C:\Datacap\Templates\apt\aptlook.mdb;persist security info=false
After: TestVendorDSN=provider=microsoft.jet.oledb.4.0;data source=C:\Datacap\apt\aptlook.mdb;persist security info=false

5/4/2017 2:12:14 PM    ***** C:\Datacap\DBSPOC3\dco_DBSPOC3\Settings.ini <String Replacement> *****
Before: VendorDSN=provider=microsoft.jet.oledb.4.0;data source=C:\Datacap\Templates\apt\aptlook.mdb;persist security info=false
After: VendorDSN=provider=microsoft.jet.oledb.4.0;data source=C:\Datacap\apt\aptlook.mdb;persist security info=false

5/4/2017 2:12:14 PM    ***** C:\Datacap\DBSPOC3\dco_DBSPOC3\Settings.ini <String Replacement> *****
Before: FingerprintDatabase=provider=microsoft.jet.oledb.4.0;data source=C:\Datacap\Templates\FormTemplate\FormTemplatefingerprint.mdb;persist security info=false
After: FingerprintDatabase=provider=microsoft.jet.oledb.4.0;data source=C:\Datacap\DBSPOC3\DBSPOC3fingerprint.mdb;persist security info=false

5/4/2017 2:12:14 PM    ***** C:\Datacap\DBSPOC3\dco_DBSPOC3\Settings.ini <String Replacement> *****
Before: FingerprintDirectory=C:\Datacap\Templates\FormTemplate\fingerprint
After: FingerprintDirectory=C:\Datacap\DBSPOC3\fingerprint

5/4/2017 2:12:14 PM    ***** C:\Datacap\DBSPOC3\dco_DBSPOC3\Settings.ini <String Replacement> *****
Before: FingerprintBackupDirectory=C:\Datacap\Templates\FormTemplate\fingerprint backup
After: FingerprintBackupDirectory=C:\Datacap\DBSPOC3\fingerprint backup

5/4/2017 2:12:14 PM    ***** C:\Datacap\DBSPOC3\dco_DBSPOC3\Settings.ini <String Replacement> *****
Before: SetupDCO=C:\Datacap\Templates\FormTemplate\dco_FormTemplate\FormTemplate.xml
After: SetupDCO=C:\Datacap\DBSPOC3\dco_DBSPOC3\DBSPOC3.xml

5/4/2017 2:12:14 PM    ***** C:\Datacap\DBSPOC3\dco_DBSPOC3\Settings.ini <String Replacement> *****
Before: AddedImageSource=C:\Datacap\Templates\FormTemplate\dco_FormTemplate\blank.tif
After: AddedImageSource=C:\Datacap\DBSPOC3\dco_DBSPOC3\blank.tif

5/4/2017 2:12:14 PM    ***** C:\Datacap\DBSPOC3\dco_DBSPOC3\Settings.ini <String Replacement> *****
Before: InsertImage = C:\Datacap\Templates\FormTemplate\dco_FormTemplate\blank.tif
After: InsertImage = C:\Datacap\DBSPOC3\dco_DBSPOC3\blank.tif

5/4/2017 2:12:14 PM    Updating rule file entries
5/4/2017 2:12:14 PM    Updating dco paths in admin database
5/4/2017 2:12:14 PM    Performing project file name changes in C:\Datacap\DBSPOC3
5/4/2017 2:12:14 PM    ***** C:\Datacap\DBSPOC3Folder Files *****
Before: C:\Datacap\DBSPOC3\FormTemplate.app
After: C:\Datacap\DBSPOC3\DBSPOC3.APP

5/4/2017 2:12:14 PM    ***** C:\Datacap\DBSPOC3Folder Files *****
Before: C:\Datacap\DBSPOC3\FormTemplateLook.mdb
After: C:\Datacap\DBSPOC3\DBSPOC3LOOK.MDB

5/4/2017 2:12:14 PM    Updating other paths in admin database
5/4/2017 2:12:14 PM    ***** Admin Database *****
Update: All records deleted from AUDIT table

5/4/2017 2:12:14 PM    ***** Admin Database *****
Update: ADMINFO.db_apptitle updated to DBSPOC3

5/4/2017 2:12:14 PM    ***** Admin Database *****
Update: ADMINFO.db_index updated to 704

5/4/2017 2:12:14 PM    ***** Admin Database *****
Update: DCO.dco_id updated to DBSPOC3

5/4/2017 2:12:14 PM    Updating other paths in engine database
5/4/2017 2:12:14 PM    ***** Engine Database *****
Update: ENGINFO.db_index updated to 704

5/4/2017 2:12:14 PM    Updating other paths in fingerprint database
5/4/2017 2:12:14 PM    ***** Fingerprint database TEMPLATE.tp_CCOPath *****
Before: C:\Datacap\Templates\FormTemplate\fingerprint\555.cco
After: c:\datacap\dbspoc3\fingerprint\555.cco

5/4/2017 2:12:14 PM    ***** Fingerprint database TEMPLATE.tp_ImagePath *****
Before: C:\Datacap\Templates\FormTemplate\fingerprint\555.tif
After: c:\datacap\dbspoc3\fingerprint\555.tif

5/4/2017 2:12:14 PM    Creating application in Datacap.xml
5/4/2017 2:12:14 PM    Updating APP file
5/4/2017 2:12:14 PM    ***** APP File *****
Before: Provider=Microsoft.Jet.OLEDB.4.0;Data Source=[path/]FormTemplateEng.mdb;
After: Provider=Microsoft.Jet.OLEDB.4.0;Data Source=[path/]DBSPOC3Eng.mdb;

5/4/2017 2:12:14 PM    ***** APP File *****
Before: Provider=Microsoft.Jet.OLEDB.4.0;Data Source=[path/]FormTemplateAdm.mdb;
After: Provider=Microsoft.Jet.OLEDB.4.0;Data Source=[path/]DBSPOC3Adm.mdb;

5/4/2017 2:12:14 PM    ***** APP File *****
Before: FormTemplate.xml
After: DBSPOC3.xml

5/4/2017 2:12:14 PM    ***** APP File *****
Before: Provider=Microsoft.Jet.OLEDB.4.0;Data Source=C:\Datacap\Templates\FormTemplate\FormTemplateFingerprint.mdb;
After: Provider=Microsoft.Jet.OLEDB.4.0;Data Source=C:\Datacap\DBSPOC3\DBSPOC3Fingerprint.mdb;

5/4/2017 2:12:14 PM    ***** APP File *****
Before: Provider=Microsoft.Jet.OLEDB.4.0;Data Source=C:\Datacap\Templates\FormTemplate\FormTemplateLook.mdb;
After: Provider=Microsoft.Jet.OLEDB.4.0;Data Source=C:\Datacap\DBSPOC3\DBSPOC3Look.mdb;

5/4/2017 2:12:14 PM    ***** APP File *****
Before: C:\Datacap\Templates\FormTemplate\images\Input_SingleTIFFs
After: C:\Datacap\DBSPOC3\images\Input_SingleTIFFs

5/4/2017 2:12:14 PM    ***** APP File *****
Before: C:\Datacap\Templates\FormTemplate\images\Input_MultiFormat
After: C:\Datacap\DBSPOC3\images\Input_MultiFormat

5/4/2017 2:12:14 PM    ***** APP File *****
Before: C:\Datacap\Templates\FormTemplate\images\Input_SingleTIFFs
After: C:\Datacap\DBSPOC3\images\Input_SingleTIFFs

5/4/2017 2:12:14 PM    ***** APP File *****
Before: C:\Datacap\Templates\FormTemplate\dco_FormTemplate\Settings.ini
After: C:\Datacap\DBSPOC3\dco_DBSPOC3\Settings.ini

5/4/2017 2:12:14 PM    Clearing contents of the batch folder
5/4/2017 2:12:14 PM    Batch folders were not found in C:\Datacap\DBSPOC3\batches. Nothing to delete.
5/4/2017 2:12:15 PM    The DCO file has been written: 'C:\Datacap\DBSPOC3\dco_DBSPOC3\DBSPOC3.xml'.
5/4/2017 2:12:15 PM    Application Wizard is finished creating the FormTemplate application.
