Datacap Fingerprint Maintenance Utility v.9.1.0.39
Created: Tuesday, May 23, 2017
         5:42:01 PM
Most recent backup: 

Current locale: en-US

SetupDCO Backup Direcory: C:\Datacap\DBSPOC3\dco_DBSPOC3\FMT Backup
FMT Run Mode: /INTERFACE
Settings file found: C:\Datacap\DBSPOC3\dco_DBSPOC3\Settings.ini

C:\Datacap\DBSPOC3\dco_DBSPOC3\Fingerprint Maintenance Tool.exe
AssemblyVersion: 9.0.0.0
AssemblyFileVersion: 9.1.0.39

Opening Fingerprint Database
Database opened successfully
Fingerprint Directory: C:\Datacap\DBSPOC3\fingerprint
Created Fingerprint Backup Directory: C:\Datacap\DBSPOC3\fingerprint backup
Current SetupDCO: C:\Datacap\DBSPOC3\dco_DBSPOC3\DBSPOC3.xml
Attempting to obtain a DCO Lock
DCO Lock was successful.
FindFPXMLfiles = true
 
Checking for orphaned files
Checking for orphaned database entries
Checking for orphaned SetupDCO entries
Building Template Collection
Adding: 562
Templates not in the database
Adding HostNames to list
Show Summary is using: Select Template.tp_TemplateID,Template.tp_DateAdded,Template.tp_HitCount,Template.tp_LastHit,Host.hs_RefName FROM Template,Host WHERE host.hs_HostID = Template.tp_HostID
 
Show Summary is using: Select Template.tp_TemplateID,Template.tp_DateAdded,Template.tp_HitCount,Template.tp_LastHit,Host.hs_RefName FROM Template,Host WHERE host.hs_HostID = Template.tp_HostID
 
Show Summary is using: Select Template.tp_TemplateID,Template.tp_DateAdded,Template.tp_HitCount,Template.tp_LastHit,Host.hs_RefName FROM Template,Host WHERE host.hs_HostID = Template.tp_HostID
 
Show Summary is using: Select Template.tp_TemplateID,Template.tp_DateAdded,Template.tp_HitCount,Template.tp_LastHit,Host.hs_RefName FROM Template,Host WHERE host.hs_HostID = Template.tp_HostID
 
Method: Close.
